<?xml version="1.0" encoding="UTF-8"?>
<!-- Generated by org.testng.reporters.JUnitXMLReporter -->
<testsuite ignored="10" hostname="Omsai" failures="0" tests="1" name="ChromeTest" time="108.618" errors="0" timestamp="2020-05-27T00:44:15 PDT">
  <testcase classname="CRMTests.CRMDashboardCreateEventTest" name="createPersonalEventForAnotherAgent" time="66.976"/>
  <testcase classname="CRMTests.CRMDashboardCreateEventTest" name="createSceheduleShow" time="0.0">
    <ignored/>
  </testcase> <!-- createSceheduleShow -->
  <testcase classname="CRMTests.CRMDashboardCreateEventTest" name="createSceheduleShowForexistLead" time="0.0">
    <ignored/>
  </testcase> <!-- createSceheduleShowForexistLead -->
  <testcase classname="CRMTests.CRMDashboardCreateEventTest" name="createLogShow" time="0.0">
    <ignored/>
  </testcase> <!-- createLogShow -->
  <testcase classname="CRMTests.CRMDashboardCreateEventTest" name="createServiceRequestForExistResident" time="0.0">
    <ignored/>
  </testcase> <!-- createServiceRequestForExistResident -->
  <testcase classname="CRMTests.CRMDashboardCreateEventTest" name="createServiceRequest" time="0.0">
    <ignored/>
  </testcase> <!-- createServiceRequest -->
  <testcase classname="CRMTests.CRMDashboardCreateEventTest" name="createPersonalEvent" time="0.0">
    <ignored/>
  </testcase> <!-- createPersonalEvent -->
  <testcase classname="CRMTests.CRMDashboardCreateEventTest" name="createLogShowForexistLead" time="0.0">
    <ignored/>
  </testcase> <!-- createLogShowForexistLead -->
  <testcase classname="CRMTests.CRMDashboardCreateEventTest" name="createLeadTest" time="0.0">
    <ignored/>
  </testcase> <!-- createLeadTest -->
  <testcase classname="CRMTests.CRMDashboardCreateEventTest" name="createOpenHouseAnotherAgent" time="0.0">
    <ignored/>
  </testcase> <!-- createOpenHouseAnotherAgent -->
  <testcase classname="CRMTests.CRMDashboardCreateEventTest" name="createOpenHouse" time="0.0">
    <ignored/>
  </testcase> <!-- createOpenHouse -->
</testsuite> <!-- ChromeTest -->
