<?xml version="1.0" encoding="UTF-8"?>
<!-- Generated by org.testng.reporters.JUnitXMLReporter -->
<testsuite ignored="0" hostname="Omsai" failures="1" tests="1" name="Chrome1Test" time="0.361" errors="0" timestamp="2020-05-13T10:04:25 PDT">
  <testcase classname="CRMTests.CRMDashboardTest" name="createlead" time="0.0">
    <failure type="org.testng.TestNGException" message="
Cannot inject @Test annotated Method [createlead] with [class java.lang.String, class java.lang.String].
For more information on native dependency injection please refer to https://testng.org/doc/documentation-main.html#native-dependency-injection">
      <![CDATA[org.testng.TestNGException: 
Cannot inject @Test annotated Method [createlead] with [class java.lang.String, class java.lang.String].
For more information on native dependency injection please refer to https://testng.org/doc/documentation-main.html#native-dependency-injection
at java.base/java.util.ArrayList.forEach(ArrayList.java:1510)
... Removed 26 stack frames]]>
    </failure>
  </testcase> <!-- createlead -->
</testsuite> <!-- Chrome1Test -->
