<?xml version="1.0" encoding="UTF-8"?>
<!-- Generated by org.testng.reporters.JUnitXMLReporter -->
<testsuite ignored="5" hostname="Omsai" failures="0" tests="1" name="ChromeTest" time="102.303" errors="0" timestamp="2020-05-21T05:00:10 PDT">
  <testcase classname="CRMTests.CRMDashboardCreateEventTest" name="createServiceRequest" time="64.905"/>
  <testcase classname="CRMTests.CRMDashboardCreateEventTest" name="createSceheduleShow" time="0.0">
    <ignored/>
  </testcase> <!-- createSceheduleShow -->
  <testcase classname="CRMTests.CRMDashboardCreateEventTest" name="createLogShow" time="0.0">
    <ignored/>
  </testcase> <!-- createLogShow -->
  <testcase classname="CRMTests.CRMDashboardCreateEventTest" name="createPersonalEvent" time="0.0">
    <ignored/>
  </testcase> <!-- createPersonalEvent -->
  <testcase classname="CRMTests.CRMDashboardCreateEventTest" name="createLeadTest" time="0.0">
    <ignored/>
  </testcase> <!-- createLeadTest -->
  <testcase classname="CRMTests.CRMDashboardCreateEventTest" name="createOpenHouse" time="0.0">
    <ignored/>
  </testcase> <!-- createOpenHouse -->
</testsuite> <!-- ChromeTest -->
