<?xml version="1.0" encoding="UTF-8"?>
<!-- Generated by org.testng.reporters.JUnitXMLReporter -->
<testsuite ignored="0" hostname="AHIN-JyotiGorde" failures="0" tests="1" name="FirefoxTest" time="1.048" errors="0" timestamp="2020-04-30T03:30:10 PDT">
  <testcase classname="CRMTests.CRMLoginTests" name="@BeforeMethod bm" time="1.002">
    <failure type="java.lang.NullPointerException">
      <![CDATA[java.lang.NullPointerException
at CRMUtil.TestBase.initializBrowser(TestBase.java:44)
at CRMTests.CRMLoginTests.bm(CRMLoginTests.java:27)
at java.base/java.util.ArrayList.forEach(ArrayList.java:1510)
... Removed 31 stack frames]]>
    </failure>
  </testcase> <!-- @BeforeMethod bm -->
  <testcase classname="CRMTests.CRMLoginTests" name="@BeforeMethod gettingPortNo" time="-1.588242610178E9">
    <skipped/>
  </testcase> <!-- @BeforeMethod gettingPortNo -->
  <testcase classname="CRMTests.CRMLoginTests" name="@AfterMethod am" time="-1.588242610205E9">
    <skipped/>
  </testcase> <!-- @AfterMethod am -->
  <testcase classname="CRMTests.CRMLoginTests" name="loginFunCall" time="0.0">
    <skipped/>
  </testcase> <!-- loginFunCall -->
</testsuite> <!-- FirefoxTest -->
