<?xml version="1.0" encoding="UTF-8"?>
<testng-results ignored="10" total="11" passed="1" failed="0" skipped="0">
  <reporter-output>
  </reporter-output>
  <suite started-at="2020-05-27T00:42:26 PDT" name="Suite" finished-at="2020-05-27T00:44:15 PDT" duration-ms="108618">
    <groups>
    </groups>
    <test started-at="2020-05-27T00:42:26 PDT" name="ChromeTest" finished-at="2020-05-27T00:44:15 PDT" duration-ms="108618">
      <class name="CRMTests.CRMDashboardCreateEventTest">
        <test-method is-config="true" signature="launchBrowser()[pri:0, instance:CRMTests.CRMDashboardCreateEventTest@4efbca5a]" started-at="2020-05-27T00:42:26 PDT" name="launchBrowser" finished-at="2020-05-27T00:43:08 PDT" duration-ms="41252" status="PASS">
          <reporter-output>
          </reporter-output>
        </test-method> <!-- launchBrowser -->
        <test-method signature="createPersonalEventForAnotherAgent(java.lang.String, java.lang.String, java.lang.String, java.lang.String, java.lang.String, java.lang.String, java.lang.String)[pri:0, instance:CRMTests.CRMDashboardCreateEventTest@4efbca5a]" started-at="2020-05-27T00:43:08 PDT" name="createPersonalEventForAnotherAgent" data-provider="dataToPersonalEventForAnotherAgent" finished-at="2020-05-27T00:44:15 PDT" duration-ms="66976" status="PASS">
          <params>
            <param index="0">
              <value>
                <![CDATA[Personal Event]]>
              </value>
            </param>
            <param index="1">
              <value>
                <![CDATA[30]]>
              </value>
            </param>
            <param index="2">
              <value>
                <![CDATA[12:30 p.m.]]>
              </value>
            </param>
            <param index="3">
              <value>
                <![CDATA[1:00 p.m.]]>
              </value>
            </param>
            <param index="4">
              <value>
                <![CDATA[Another Agent Test Personal Event]]>
              </value>
            </param>
            <param index="5">
              <value>
                <![CDATA[Personal Event Testing]]>
              </value>
            </param>
            <param index="6">
              <value>
                <![CDATA[Jyoti Gorde]]>
              </value>
            </param>
          </params>
          <reporter-output>
          </reporter-output>
        </test-method> <!-- createPersonalEventForAnotherAgent -->
        <test-method is-config="true" signature="driverClose()[pri:0, instance:CRMTests.CRMDashboardCreateEventTest@4efbca5a]" started-at="2020-05-27T00:44:15 PDT" name="driverClose" finished-at="2020-05-27T00:44:15 PDT" duration-ms="0" status="PASS">
          <reporter-output>
          </reporter-output>
        </test-method> <!-- driverClose -->
      </class> <!-- CRMTests.CRMDashboardCreateEventTest -->
    </test> <!-- ChromeTest -->
  </suite> <!-- Suite -->
</testng-results>
